<?xml version="1.0" encoding="UTF-8"?>
<testng-results skipped="0" failed="0" total="4" passed="4">
  <reporter-output>
  </reporter-output>
  <suite name="Simuladores" duration-ms="218658" started-at="2018-01-16T12:31:29Z" finished-at="2018-01-16T12:35:08Z">
    <groups>
    </groups>
    <test name="ConsumoWeb" duration-ms="25456" started-at="2018-01-16T12:31:29Z" finished-at="2018-01-16T12:31:55Z">
      <class name="Tests.ClsConsumoWeb">
        <test-method status="PASS" signature="Before()[pri:0, instance:Tests.ClsConsumoWeb@7921b0a2]" name="Before" is-config="true" duration-ms="12212" started-at="2018-01-16T07:31:29Z" finished-at="2018-01-16T07:31:42Z">
          <reporter-output>
          </reporter-output>
        </test-method> <!-- Before -->
        <test-method status="PASS" signature="ClConsumoWeb()[pri:0, instance:Tests.ClsConsumoWeb@7921b0a2]" name="ClConsumoWeb" duration-ms="13215" started-at="2018-01-16T07:31:42Z" finished-at="2018-01-16T07:31:55Z">
          <reporter-output>
          </reporter-output>
        </test-method> <!-- ClConsumoWeb -->
      </class> <!-- Tests.ClsConsumoWeb -->
    </test> <!-- ConsumoWeb -->
    <test name="HipotecarioWeb" duration-ms="27246" started-at="2018-01-16T12:31:29Z" finished-at="2018-01-16T12:31:57Z">
      <class name="Tests.ClsHipotecarioWeb">
        <test-method status="PASS" signature="Before()[pri:0, instance:Tests.ClsHipotecarioWeb@4f933fd1]" name="Before" is-config="true" duration-ms="12779" started-at="2018-01-16T07:31:29Z" finished-at="2018-01-16T07:31:42Z">
          <reporter-output>
          </reporter-output>
        </test-method> <!-- Before -->
        <test-method status="PASS" signature="ClHipotecarioWeb()[pri:0, instance:Tests.ClsHipotecarioWeb@4f933fd1]" name="ClHipotecarioWeb" duration-ms="14443" started-at="2018-01-16T07:31:42Z" finished-at="2018-01-16T07:31:57Z">
          <reporter-output>
          </reporter-output>
        </test-method> <!-- ClHipotecarioWeb -->
      </class> <!-- Tests.ClsHipotecarioWeb -->
    </test> <!-- HipotecarioWeb -->
    <test name="Android" duration-ms="218657" started-at="2018-01-16T12:31:29Z" finished-at="2018-01-16T12:35:08Z">
      <class name="Tests.ClsLibranzaDroid">
        <test-method status="PASS" signature="Before()[pri:0, instance:Tests.ClsLibranzaDroid@1593948d]" name="Before" is-config="true" duration-ms="28355" started-at="2018-01-16T07:31:29Z" finished-at="2018-01-16T07:31:58Z">
          <reporter-output>
          </reporter-output>
        </test-method> <!-- Before -->
        <test-method status="PASS" signature="ClLibranzaDroid()[pri:0, instance:Tests.ClsLibranzaDroid@1593948d]" name="ClLibranzaDroid" duration-ms="78951" started-at="2018-01-16T07:31:58Z" finished-at="2018-01-16T07:33:17Z">
          <reporter-output>
          </reporter-output>
        </test-method> <!-- ClLibranzaDroid -->
        <test-method status="PASS" signature="After()[pri:0, instance:Tests.ClsLibranzaDroid@1593948d]" name="After" is-config="true" duration-ms="4348" started-at="2018-01-16T07:33:17Z" finished-at="2018-01-16T07:33:21Z">
          <reporter-output>
          </reporter-output>
        </test-method> <!-- After -->
      </class> <!-- Tests.ClsLibranzaDroid -->
      <class name="Tests.ClsConsumoDroid">
        <test-method status="PASS" signature="Before()[pri:0, instance:Tests.ClsConsumoDroid@1b604f19]" name="Before" is-config="true" duration-ms="25583" started-at="2018-01-16T07:33:21Z" finished-at="2018-01-16T07:33:47Z">
          <reporter-output>
          </reporter-output>
        </test-method> <!-- Before -->
        <test-method status="PASS" signature="ClConsumoDroid()[pri:0, instance:Tests.ClsConsumoDroid@1b604f19]" name="ClConsumoDroid" duration-ms="77053" started-at="2018-01-16T07:33:47Z" finished-at="2018-01-16T07:35:04Z">
          <reporter-output>
          </reporter-output>
        </test-method> <!-- ClConsumoDroid -->
        <test-method status="PASS" signature="After()[pri:0, instance:Tests.ClsConsumoDroid@1b604f19]" name="After" is-config="true" duration-ms="4341" started-at="2018-01-16T07:35:04Z" finished-at="2018-01-16T07:35:08Z">
          <reporter-output>
          </reporter-output>
        </test-method> <!-- After -->
      </class> <!-- Tests.ClsConsumoDroid -->
    </test> <!-- Android -->
  </suite> <!-- Simuladores -->
</testng-results>
